<?xml version="1.0" encoding="UTF-8"?>
<testng-results ignored="0" total="1" passed="1" failed="0" skipped="0">
  <reporter-output>
  </reporter-output>
  <suite started-at="2025-09-18T14:02:19 IST" name="Default suite" finished-at="2025-09-18T14:02:31 IST" duration-ms="12665">
    <groups>
    </groups>
    <test started-at="2025-09-18T14:02:19 IST" name="Default test" finished-at="2025-09-18T14:02:31 IST" duration-ms="12665">
      <class name="UI.loginUITest">
        <test-method is-config="true" signature="setupReport()[pri:0, instance:UI.loginUITest@74e52ef6]" started-at="2025-09-18T14:02:19 IST" name="setupReport" finished-at="2025-09-18T14:02:19 IST" duration-ms="202" status="PASS">
          <reporter-output>
          </reporter-output>
        </test-method> <!-- setupReport -->
        <test-method is-config="true" signature="setUpTest(java.lang.reflect.Method)[pri:0, instance:UI.loginUITest@74e52ef6]" started-at="2025-09-18T14:02:19 IST" name="setUpTest" finished-at="2025-09-18T14:02:20 IST" duration-ms="1352" status="PASS">
          <params>
            <param index="0">
              <value>
                <![CDATA[public void UI.loginUITest.testLogin()]]>
              </value>
            </param>
          </params>
          <reporter-output>
          </reporter-output>
        </test-method> <!-- setUpTest -->
        <test-method signature="testLogin()[pri:0, instance:UI.loginUITest@74e52ef6]" started-at="2025-09-18T14:02:20 IST" name="testLogin" finished-at="2025-09-18T14:02:31 IST" duration-ms="11140" status="PASS">
          <reporter-output>
          </reporter-output>
        </test-method> <!-- testLogin -->
        <test-method is-config="true" signature="tearDownTest()[pri:0, instance:UI.loginUITest@74e52ef6]" started-at="2025-09-18T14:02:31 IST" name="tearDownTest" finished-at="2025-09-18T14:02:31 IST" duration-ms="147" status="PASS">
          <reporter-output>
          </reporter-output>
        </test-method> <!-- tearDownTest -->
        <test-method is-config="true" signature="tearDown()[pri:0, instance:UI.loginUITest@74e52ef6]" started-at="2025-09-18T14:02:31 IST" name="tearDown" finished-at="2025-09-18T14:02:32 IST" duration-ms="276" status="PASS">
          <reporter-output>
          </reporter-output>
        </test-method> <!-- tearDown -->
      </class> <!-- UI.loginUITest -->
    </test> <!-- Default test -->
  </suite> <!-- Default suite -->
</testng-results>
